<?xml version="1.0" encoding="UTF-8"?>
<robot generator="Robot 3.2.2 (Python 3.9.0 on win32)" generated="20201105 18:05:45.745" rpa="false">
<suite id="s1" name="ClickInfo" source="C:\Users\sammy\IntelliJ\todolist\selenium\tests\ClickInfo.robot">
<kw name="Run Keywords" library="BuiltIn" type="setup">
<doc>Executes all the given keywords in a sequence.</doc>
<arguments>
<arg>Open The Internet</arg>
</arguments>
<kw name="Open The Internet" library="basePage">
<kw name="Open Browser" library="SeleniumLibrary">
<doc>Opens a new browser instance to the optional ``url``.</doc>
<arguments>
<arg>${url}</arg>
<arg>${browser}</arg>
</arguments>
<msg timestamp="20201105 18:05:45.898" level="INFO">Opening browser 'Google Chrome' to base url 'https://sammylaureys.github.io/todolist/'.</msg>
<status status="PASS" starttime="20201105 18:05:45.898" endtime="20201105 18:05:49.723"></status>
</kw>
<status status="PASS" starttime="20201105 18:05:45.898" endtime="20201105 18:05:49.723"></status>
</kw>
<status status="PASS" starttime="20201105 18:05:45.897" endtime="20201105 18:05:49.724"></status>
</kw>
<test id="s1-t1" name="Click info">
<kw name="Sleep" library="BuiltIn">
<doc>Pauses the test executed for the given time.</doc>
<arguments>
<arg>3s</arg>
</arguments>
<msg timestamp="20201105 18:05:52.726" level="INFO">Slept 3 seconds</msg>
<status status="PASS" starttime="20201105 18:05:49.725" endtime="20201105 18:05:52.726"></status>
</kw>
<kw name="Wait Until Element Is Enabled" library="SeleniumLibrary">
<doc>Waits until the element ``locator`` is enabled.</doc>
<arguments>
<arg>id:link</arg>
</arguments>
<status status="PASS" starttime="20201105 18:05:52.726" endtime="20201105 18:05:52.745"></status>
</kw>
<kw name="Click Element" library="SeleniumLibrary">
<doc>Click the element identified by ``locator``.</doc>
<arguments>
<arg>id:link</arg>
</arguments>
<msg timestamp="20201105 18:05:52.746" level="INFO">Clicking element 'id:link'.</msg>
<kw name="Capture Page Screenshot" library="SeleniumLibrary">
<doc>Takes a screenshot of the current page and embeds it into a log file.</doc>
<msg timestamp="20201105 18:05:53.003" level="INFO" html="yes">&lt;/td&gt;&lt;/tr&gt;&lt;tr&gt;&lt;td colspan="3"&gt;&lt;a href="selenium-screenshot-6.png"&gt;&lt;img src="selenium-screenshot-6.png" width="800px"&gt;&lt;/a&gt;</msg>
<status status="PASS" starttime="20201105 18:05:52.762" endtime="20201105 18:05:53.003"></status>
</kw>
<msg timestamp="20201105 18:05:53.005" level="FAIL">ElementNotInteractableException: Message: element not interactable: element has zero size
  (Session info: chrome=86.0.4240.183)
</msg>
<status status="FAIL" starttime="20201105 18:05:52.746" endtime="20201105 18:05:53.005"></status>
</kw>
<status status="FAIL" starttime="20201105 18:05:49.724" endtime="20201105 18:05:53.005" critical="yes">ElementNotInteractableException: Message: element not interactable: element has zero size
  (Session info: chrome=86.0.4240.183)
</status>
</test>
<test id="s1-t2" name="Check if page is set to info">
<kw name="Page Should Contain" library="SeleniumLibrary">
<doc>Verifies that current page contains ``text``.</doc>
<arguments>
<arg>How to use the app:</arg>
</arguments>
<kw name="Capture Page Screenshot" library="SeleniumLibrary">
<doc>Takes a screenshot of the current page and embeds it into a log file.</doc>
<msg timestamp="20201105 18:05:53.264" level="INFO" html="yes">&lt;/td&gt;&lt;/tr&gt;&lt;tr&gt;&lt;td colspan="3"&gt;&lt;a href="selenium-screenshot-7.png"&gt;&lt;img src="selenium-screenshot-7.png" width="800px"&gt;&lt;/a&gt;</msg>
<status status="PASS" starttime="20201105 18:05:53.029" endtime="20201105 18:05:53.265"></status>
</kw>
<msg timestamp="20201105 18:05:53.265" level="FAIL">Page should have contained text 'How to use the app:' but did not.</msg>
<status status="FAIL" starttime="20201105 18:05:53.008" endtime="20201105 18:05:53.265"></status>
</kw>
<status status="FAIL" starttime="20201105 18:05:53.007" endtime="20201105 18:05:53.265" critical="yes">Page should have contained text 'How to use the app:' but did not.</status>
</test>
<kw name="Close Browser" library="SeleniumLibrary" type="teardown">
<doc>Closes the current browser.</doc>
<status status="PASS" starttime="20201105 18:05:53.267" endtime="20201105 18:05:55.347"></status>
</kw>
<status status="FAIL" starttime="20201105 18:05:45.746" endtime="20201105 18:05:55.347"></status>
</suite>
<statistics>
<total>
<stat pass="0" fail="2">Critical Tests</stat>
<stat pass="0" fail="2">All Tests</stat>
</total>
<tag>
</tag>
<suite>
<stat pass="0" fail="2" id="s1" name="ClickInfo">ClickInfo</stat>
</suite>
</statistics>
<errors>
</errors>
</robot>
